  0523.c
C:\OJY\C\0523\0523.c(22,9): warning C4477: 'scanf' : 서식 문자열 '%d'에 'int *' 형식의 인수가 필요하지만 variadic 인수 1의 형식이 'int'입니다.
C:\OJY\C\0523\0523.c(30,10): warning C4477: 'printf' : 서식 문자열 '%s'에 'char *' 형식의 인수가 필요하지만 variadic 인수 1의 형식이 'int'입니다.
C:\OJY\C\0523\0523.c(30,10): warning C4313: 'printf': 서식 문자열의 '%s'이(가) int' 형식의 인수 1과(와) 충돌합니다.
C:\OJY\C\0523\0523.c(18,3): warning C4996: 'scanf': This function or variable may be unsafe. Consider using scanf_s instead. To disable deprecation, use _CRT_SECURE_NO_WARNINGS. See online help for details.
C:\OJY\C\0523\0523.c(20,3): warning C4996: 'scanf': This function or variable may be unsafe. Consider using scanf_s instead. To disable deprecation, use _CRT_SECURE_NO_WARNINGS. See online help for details.
C:\OJY\C\0523\0523.c(22,3): warning C4996: 'scanf': This function or variable may be unsafe. Consider using scanf_s instead. To disable deprecation, use _CRT_SECURE_NO_WARNINGS. See online help for details.
C:\OJY\C\0523\0523.c(165,12): warning C4098: 'File1': 'void' 함수에서 값을 반환하고 있습니다.
C:\OJY\C\0523\0523.c(161,13): warning C4996: 'fopen': This function or variable may be unsafe. Consider using fopen_s instead. To disable deprecation, use _CRT_SECURE_NO_WARNINGS. See online help for details.
C:\OJY\C\0523\0523.c(179,12): warning C4098: 'File2': 'void' 함수에서 값을 반환하고 있습니다.
C:\OJY\C\0523\0523.c(175,13): warning C4996: 'fopen': This function or variable may be unsafe. Consider using fopen_s instead. To disable deprecation, use _CRT_SECURE_NO_WARNINGS. See online help for details.
C:\OJY\C\0523\0523.c(198,12): warning C4098: 'File3': 'void' 함수에서 값을 반환하고 있습니다.
C:\OJY\C\0523\0523.c(224,13): warning C4996: 'fopen': This function or variable may be unsafe. Consider using fopen_s instead. To disable deprecation, use _CRT_SECURE_NO_WARNINGS. See online help for details.
C:\OJY\C\0523\0523.c(229,9): warning C4996: 'fscanf': This function or variable may be unsafe. Consider using fscanf_s instead. To disable deprecation, use _CRT_SECURE_NO_WARNINGS. See online help for details.
C:\OJY\C\0523\0523.c(250,12): warning C4098: 'FilePractice1': 'void' 함수에서 값을 반환하고 있습니다.
C:\OJY\C\0523\0523.c(254,14): warning C4267: '함수': 'size_t'에서 'int'(으)로 변환하면서 데이터가 손실될 수 있습니다.
C:\OJY\C\0523\0523.c(259,12): warning C4267: '함수': 'size_t'에서 'int'(으)로 변환하면서 데이터가 손실될 수 있습니다.
C:\OJY\C\0523\0523.c(264,13): warning C4267: '함수': 'size_t'에서 'int'(으)로 변환하면서 데이터가 손실될 수 있습니다.
C:\OJY\C\0523\0523.c(246,13): warning C4996: 'fopen': This function or variable may be unsafe. Consider using fopen_s instead. To disable deprecation, use _CRT_SECURE_NO_WARNINGS. See online help for details.
C:\OJY\C\0523\0523.c(288,12): warning C4098: 'FilePractice2': 'void' 함수에서 값을 반환하고 있습니다.
C:\OJY\C\0523\0523.c(292,14): warning C4267: '함수': 'size_t'에서 'int'(으)로 변환하면서 데이터가 손실될 수 있습니다.
C:\OJY\C\0523\0523.c(298,15): warning C4267: '함수': 'size_t'에서 'int'(으)로 변환하면서 데이터가 손실될 수 있습니다.
C:\OJY\C\0523\0523.c(282,13): warning C4996: 'fopen': This function or variable may be unsafe. Consider using fopen_s instead. To disable deprecation, use _CRT_SECURE_NO_WARNINGS. See online help for details.
C:\OJY\C\0523\0523.c(313,12): warning C4098: 'FilePractice3': 'void' 함수에서 값을 반환하고 있습니다.
C:\OJY\C\0523\0523.c(320,7): warning C4133: '=': 'char *'과(와) 'int *' 사이의 형식이 호환되지 않습니다.
C:\OJY\C\0523\0523.c(309,13): warning C4996: 'fopen': This function or variable may be unsafe. Consider using fopen_s instead. To disable deprecation, use _CRT_SECURE_NO_WARNINGS. See online help for details.
C:\OJY\C\0523\0523.c(338,12): warning C4098: 'FilePractice4': 'void' 함수에서 값을 반환하고 있습니다.
C:\OJY\C\0523\0523.c(341,9): warning C4013: 'ByteCal'이(가) 정의되지 않았습니다. extern은 int형을 반환하는 것으로 간주합니다.
C:\OJY\C\0523\0523.c(334,13): warning C4996: 'fopen': This function or variable may be unsafe. Consider using fopen_s instead. To disable deprecation, use _CRT_SECURE_NO_WARNINGS. See online help for details.
  0523.vcxproj -> C:\OJY\C\0523\x64\Debug\0523.exe
